Started at Sun Nov 20 13:15:06 UTC 2022
Processing Build
Offering Build to Project Build Discarder
Processing C_Project
Offering C_Project to Project Build Discarder
Processing Deploy
Offering Deploy to Project Build Discarder
Processing Java_Project
Offering Java_Project to Project Build Discarder
Processing Private
Offering Private to Project Build Discarder
Processing Test
Offering Test to Project Build Discarder
Finished at Sun Nov 20 13:15:06 UTC 2022. 10ms
Started at Sun Nov 20 14:15:06 UTC 2022
Processing Build
Offering Build to Project Build Discarder
Processing C_Project
Offering C_Project to Project Build Discarder
Processing Deploy
Offering Deploy to Project Build Discarder
Processing Java_Project
Offering Java_Project to Project Build Discarder
Processing Pipeline_Parallel
Offering Pipeline_Parallel to Project Build Discarder
Processing Private
Offering Private to Project Build Discarder
Processing Test
Offering Test to Project Build Discarder
Finished at Sun Nov 20 14:15:06 UTC 2022. 2ms
Started at Sun Nov 20 15:15:06 UTC 2022
Processing Build
Offering Build to Project Build Discarder
Processing C_Project
Offering C_Project to Project Build Discarder
Processing Deploy
Offering Deploy to Project Build Discarder
Processing Java_Project
Offering Java_Project to Project Build Discarder
Processing Pipeline_C-Project
Offering Pipeline_C-Project to Project Build Discarder
Processing Pipeline_Parallel
Offering Pipeline_Parallel to Project Build Discarder
Processing Pipeline_Parameterized
Offering Pipeline_Parameterized to Project Build Discarder
Processing Private
Offering Private to Project Build Discarder
Processing Test
Offering Test to Project Build Discarder
Finished at Sun Nov 20 15:15:06 UTC 2022. 2ms
